d:\profiles\nks4601\documents\visual studio 2015\projects\nksengine\nksengine\debug\vc140.pdb
d:\profiles\nks4601\documents\visual studio 2015\projects\nksengine\nksengine\debug\vc140.idb
d:\profiles\nks4601\documents\visual studio 2015\projects\nksengine\nksengine\debug\camera.obj
d:\profiles\nks4601\documents\visual studio 2015\projects\nksengine\nksengine\debug\engine.obj
d:\profiles\nks4601\documents\visual studio 2015\projects\nksengine\nksengine\debug\gldebug.obj
d:\profiles\nks4601\documents\visual studio 2015\projects\nksengine\nksengine\debug\main.obj
d:\profiles\nks4601\documents\visual studio 2015\projects\nksengine\nksengine\debug\model.obj
d:\profiles\nks4601\documents\visual studio 2015\projects\nksengine\nksengine\debug\quad.obj
d:\profiles\nks4601\documents\visual studio 2015\projects\nksengine\nksengine\debug\object.obj
d:\profiles\nks4601\documents\visual studio 2015\projects\nksengine\nksengine\debug\shader.obj
d:\profiles\nks4601\documents\visual studio 2015\projects\nksengine\nksengine\debug\timer.obj
d:\profiles\nks4601\documents\visual studio 2015\projects\nksengine\debug\nksengine.ilk
d:\profiles\nks4601\documents\visual studio 2015\projects\nksengine\debug\nksengine.exe
d:\profiles\nks4601\documents\visual studio 2015\projects\nksengine\debug\nksengine.pdb
d:\profiles\nks4601\documents\visual studio 2015\projects\nksengine\nksengine\debug\nksengine.tlog\cl.command.1.tlog
d:\profiles\nks4601\documents\visual studio 2015\projects\nksengine\nksengine\debug\nksengine.tlog\cl.read.1.tlog
d:\profiles\nks4601\documents\visual studio 2015\projects\nksengine\nksengine\debug\nksengine.tlog\cl.write.1.tlog
d:\profiles\nks4601\documents\visual studio 2015\projects\nksengine\nksengine\debug\nksengine.tlog\link.command.1.tlog
d:\profiles\nks4601\documents\visual studio 2015\projects\nksengine\nksengine\debug\nksengine.tlog\link.read.1.tlog
d:\profiles\nks4601\documents\visual studio 2015\projects\nksengine\nksengine\debug\nksengine.tlog\link.write.1.tlog
